<?xml version="1.0" encoding="UTF-8"?>
<!-- Generated by org.testng.reporters.JUnitReportReporter -->
<testsuite hostname="DESKTOP-KC1SQ23" failures="0" tests="1" name="com.wayFair.testcases.sofasPageTest" time="56.143" errors="0" timestamp="26 Jun 2020 15:06:49 GMT" skipped="0">
  <testcase classname="com.wayFair.testcases.sofasPageTest" name="select_Type_DesignOfSofa" time="56.143"/>
</testsuite> <!-- com.wayFair.testcases.sofasPageTest -->
