<?xml version="1.0" encoding="UTF-8"?>
<!-- Generated by org.testng.reporters.JUnitReportReporter -->
<testsuite hostname="DESKTOP-KC1SQ23" failures="0" tests="1" name="com.wayFair.testcases.livingRoomFurnitureTest" time="29.974" errors="0" timestamp="23 Jun 2020 06:27:07 GMT" skipped="0">
  <testcase classname="com.wayFair.testcases.livingRoomFurnitureTest" name="livingRoomPageTest" time="29.974"/>
</testsuite> <!-- com.wayFair.testcases.livingRoomFurnitureTest -->
